<?xml version="1.0" encoding="UTF-8"?>
<!-- Generated by org.testng.reporters.JUnitReportReporter -->
<testsuite hostname="DESKTOP-NCHRHGP" failures="0" tests="6" name="allTests.HomePage_Test2" time="46.878" errors="0" timestamp="2021-09-24T14:55:59 IST" skipped="0">
  <testcase classname="allTests.HomePage_Test2" name="Test" time="7.075"/>
  <system-out/>
  <testcase classname="allTests.HomePage_Test2" name="Test" time="7.116"/>
  <system-out/>
  <testcase classname="allTests.HomePage_Test2" name="Test" time="9.608"/>
  <system-out/>
  <testcase classname="allTests.HomePage_Test2" name="Test" time="7.323"/>
  <system-out/>
  <testcase classname="allTests.HomePage_Test2" name="Test" time="7.416"/>
  <system-out/>
  <testcase classname="allTests.HomePage_Test2" name="Test" time="8.340"/>
  <system-out/>
</testsuite> <!-- allTests.HomePage_Test2 -->
