<?xml version="1.0" encoding="UTF-8"?>
<!-- Generated by org.testng.reporters.JUnitReportReporter -->
<testsuite hostname="DESKTOP-NCHRHGP" failures="0" tests="6" name="allTests.HomePage_Test3" time="49.886" errors="0" timestamp="2021-09-26T20:15:47 IST" skipped="0">
  <testcase classname="allTests.HomePage_Test3" name="Test" time="6.809"/>
  <system-out/>
  <testcase classname="allTests.HomePage_Test3" name="Test" time="8.703"/>
  <system-out/>
  <testcase classname="allTests.HomePage_Test3" name="Test" time="9.970"/>
  <system-out/>
  <testcase classname="allTests.HomePage_Test3" name="Test" time="8.043"/>
  <system-out/>
  <testcase classname="allTests.HomePage_Test3" name="Test" time="8.931"/>
  <system-out/>
  <testcase classname="allTests.HomePage_Test3" name="Test" time="7.430"/>
  <system-out/>
</testsuite> <!-- allTests.HomePage_Test3 -->
